VTBIADemoA/app/build/intermediates/manifest_merge_blame_file/debug/manifest-merger-blame-debug-report.txt
1<?xml version="1.0" encoding="utf-8"?>
2<manifest xmlns:android="http://schemas.android.com/apk/res/android"
3    package="com.vtrump.vscaledemo"
4    android:versionCode="1"
5    android:versionName="1.0" >
6
7    <uses-sdk
8        android:minSdkVersion="18"
8-->src\main\AndroidManifest.xml
9        android:targetSdkVersion="26" />
9-->src\main\AndroidManifest.xml
10
11    <uses-permission android:name="android.permission.WRITE_EXTERNAL_STORAGE" />
11-->src\main\AndroidManifest.xml:5:5-81
11-->src\main\AndroidManifest.xml:5:22-78
12    <uses-permission android:name="android.permission.READ_EXTERNAL_STORAGE" />
12-->src\main\AndroidManifest.xml:6:5-80
12-->src\main\AndroidManifest.xml:6:22-77
13    <uses-permission android:name="android.permission.ACCESS_FINE_LOCATION" />
13-->src\main\AndroidManifest.xml:7:5-79
13-->src\main\AndroidManifest.xml:7:22-76
14    <uses-permission android:name="android.permission.ACCESS_NETWORK_STATE" />
14-->[vtble-sdk-android-v3.7.1.aar] AndroidManifest.xml:11:5-79
14-->[vtble-sdk-android-v3.7.1.aar] AndroidManifest.xml:11:22-76
15    <uses-permission android:name="android.permission.INTERNET" />
15-->[vtble-sdk-android-v3.7.1.aar] AndroidManifest.xml:12:5-67
15-->[vtble-sdk-android-v3.7.1.aar] AndroidManifest.xml:12:22-64
16    <uses-permission android:name="android.permission.BLUETOOTH" />
16-->[vtble-sdk-android-v3.7.1.aar] AndroidManifest.xml:13:5-68
16-->[vtble-sdk-android-v3.7.1.aar] AndroidManifest.xml:13:22-65
17    <uses-permission android:name="android.permission.BLUETOOTH_ADMIN" />
17-->[vtble-sdk-android-v3.7.1.aar] AndroidManifest.xml:14:5-74
17-->[vtble-sdk-android-v3.7.1.aar] AndroidManifest.xml:14:22-71
18
19    <uses-feature
19-->[vtble-sdk-android-v3.7.1.aar] AndroidManifest.xml:16:5-18:35
20        android:name="android.hardware.bluetooth_le"
20-->[vtble-sdk-android-v3.7.1.aar] AndroidManifest.xml:17:9-53
21        android:required="true" />
21-->[vtble-sdk-android-v3.7.1.aar] AndroidManifest.xml:18:9-32
22
23    <application
23-->src\main\AndroidManifest.xml:8:5-23:19
24        android:allowBackup="true"
24-->src\main\AndroidManifest.xml:9:9-35
25        android:debuggable="true"
26        android:icon="@mipmap/ic_launcher"
26-->src\main\AndroidManifest.xml:10:9-43
27        android:label="@string/app_name"
27-->src\main\AndroidManifest.xml:11:9-41
28        android:roundIcon="@mipmap/ic_launcher_round"
28-->src\main\AndroidManifest.xml:12:9-54
29        android:supportsRtl="true"
29-->src\main\AndroidManifest.xml:13:9-35
30        android:testOnly="true"
31        android:theme="@style/AppTheme" >
31-->src\main\AndroidManifest.xml:14:9-40
32        <activity android:name="com.vtrump.vscaledemo.MainActivity" >
32-->src\main\AndroidManifest.xml:16:9-22:20
32-->src\main\AndroidManifest.xml:16:19-47
33            <intent-filter>
33-->src\main\AndroidManifest.xml:17:13-21:29
34                <action android:name="android.intent.action.MAIN" />
34-->src\main\AndroidManifest.xml:18:17-69
34-->src\main\AndroidManifest.xml:18:25-66
35
36                <category android:name="android.intent.category.LAUNCHER" />
36-->src\main\AndroidManifest.xml:20:17-77
36-->src\main\AndroidManifest.xml:20:27-74
37            </intent-filter>
38        </activity>
39
40        <service
40-->[vtble-sdk-android-v3.7.1.aar] AndroidManifest.xml:21:9-23:38
41            android:name="com.vtrump.vtble.VTBluetoothLeService"
41-->[vtble-sdk-android-v3.7.1.aar] AndroidManifest.xml:22:13-65
42            android:enabled="true" />
42-->[vtble-sdk-android-v3.7.1.aar] AndroidManifest.xml:23:13-35
43
44        <meta-data
44-->[com.android.support:design:26.0.0] AndroidManifest.xml:26:9-28:38
45            android:name="android.support.VERSION"
45-->[com.android.support:design:26.0.0] AndroidManifest.xml:27:13-51
46            android:value="26.0.0" />
46-->[com.android.support:design:26.0.0] AndroidManifest.xml:28:13-35
47
48        <activity
48-->[com.tbruyelle.rxpermissions:rxpermissions:0.7.0] AndroidManifest.xml:11:9-14:75
49            android:name="com.tbruyelle.rxpermissions.ShadowActivity"
49-->[com.tbruyelle.rxpermissions:rxpermissions:0.7.0] AndroidManifest.xml:12:13-70
50            android:launchMode="singleTop"
50-->[com.tbruyelle.rxpermissions:rxpermissions:0.7.0] AndroidManifest.xml:13:13-43
51            android:theme="@android:style/Theme.Translucent.NoTitleBar" />
51-->[com.tbruyelle.rxpermissions:rxpermissions:0.7.0] AndroidManifest.xml:14:13-72
52    </application>
53
54</manifest>